C:\Program Files (x86)\Microsoft Visual Studio\2019\Community\MSBuild\Microsoft\VC\v160\Microsoft.CppBuild.targets(477,5): warning MSB8004: Output Directory does not end with a trailing slash.  This build instance will add the slash as it is required to allow proper evaluation of the Output Directory.
  Assembling retspoof.asm...
cl : command line warning D9025: overriding '/sdl' with '/GS-'
  hooks.cpp
C:\Users\Pc\Desktop\AccuracyFNLeak\AccuracyFN\hooks.cpp(351,44): warning C4244: 'argument': conversion from 'float' to 'DWORD', possible loss of data
C:\Users\Pc\Desktop\AccuracyFNLeak\AccuracyFN\hooks.cpp(530,98): warning C4305: '=': truncation from 'double' to 'float'
  dllmain.cpp
  imgui.cpp
  imgui_draw.cpp
  imgui_impl_dx11.cpp
  offsets.cpp
  renderer.cpp
C:\Users\Pc\Desktop\AccuracyFNLeak\AccuracyFN\renderer.cpp(336,92): warning C4244: 'argument': conversion from 'double' to 'int', possible loss of data
C:\Users\Pc\Desktop\AccuracyFNLeak\AccuracyFN\renderer.cpp(336,87): warning C4244: 'argument': conversion from 'double' to 'int', possible loss of data
C:\Users\Pc\Desktop\AccuracyFNLeak\AccuracyFN\renderer.cpp(337,88): warning C4244: 'argument': conversion from 'double' to 'int', possible loss of data
C:\Users\Pc\Desktop\AccuracyFNLeak\AccuracyFN\renderer.cpp(337,83): warning C4244: 'argument': conversion from 'double' to 'int', possible loss of data
C:\Users\Pc\Desktop\AccuracyFNLeak\AccuracyFN\renderer.cpp(495,75): warning C4267: 'argument': conversion from 'size_t' to 'int', possible loss of data
C:\Users\Pc\Desktop\AccuracyFNLeak\AccuracyFN\renderer.cpp(520,141): warning C4305: 'argument': truncation from 'double' to 'float'
C:\Users\Pc\Desktop\AccuracyFNLeak\AccuracyFN\renderer.cpp(520,52): warning C4244: 'argument': conversion from 'int' to 'float', possible loss of data
C:\Users\Pc\Desktop\AccuracyFNLeak\AccuracyFN\renderer.cpp(520,47): warning C4244: 'argument': conversion from 'int' to 'float', possible loss of data
C:\Users\Pc\Desktop\AccuracyFNLeak\AccuracyFN\renderer.cpp(521,141): warning C4305: 'argument': truncation from 'double' to 'float'
C:\Users\Pc\Desktop\AccuracyFNLeak\AccuracyFN\renderer.cpp(521,52): warning C4244: 'argument': conversion from 'int' to 'float', possible loss of data
C:\Users\Pc\Desktop\AccuracyFNLeak\AccuracyFN\renderer.cpp(521,47): warning C4244: 'argument': conversion from 'int' to 'float', possible loss of data
C:\Users\Pc\Desktop\AccuracyFNLeak\AccuracyFN\renderer.cpp(522,141): warning C4305: 'argument': truncation from 'double' to 'float'
C:\Users\Pc\Desktop\AccuracyFNLeak\AccuracyFN\renderer.cpp(522,54): warning C4244: 'argument': conversion from 'int' to 'float', possible loss of data
C:\Users\Pc\Desktop\AccuracyFNLeak\AccuracyFN\renderer.cpp(522,49): warning C4244: 'argument': conversion from 'int' to 'float', possible loss of data
C:\Users\Pc\Desktop\AccuracyFNLeak\AccuracyFN\renderer.cpp(523,141): warning C4305: 'argument': truncation from 'double' to 'float'
C:\Users\Pc\Desktop\AccuracyFNLeak\AccuracyFN\renderer.cpp(523,54): warning C4244: 'argument': conversion from 'int' to 'float', possible loss of data
C:\Users\Pc\Desktop\AccuracyFNLeak\AccuracyFN\renderer.cpp(523,49): warning C4244: 'argument': conversion from 'int' to 'float', possible loss of data
C:\Users\Pc\Desktop\AccuracyFNLeak\AccuracyFN\renderer.cpp(524,50): warning C4244: 'argument': conversion from 'int' to 'float', possible loss of data
C:\Users\Pc\Desktop\AccuracyFNLeak\AccuracyFN\renderer.cpp(524,47): warning C4244: 'argument': conversion from 'int' to 'float', possible loss of data
C:\Users\Pc\Desktop\AccuracyFNLeak\AccuracyFN\renderer.cpp(528,151): warning C4305: 'argument': truncation from 'double' to 'float'
C:\Users\Pc\Desktop\AccuracyFNLeak\AccuracyFN\renderer.cpp(528,64): warning C4244: 'argument': conversion from 'int' to 'float', possible loss of data
C:\Users\Pc\Desktop\AccuracyFNLeak\AccuracyFN\renderer.cpp(528,61): warning C4244: 'argument': conversion from 'int' to 'float', possible loss of data
C:\Users\Pc\Desktop\AccuracyFNLeak\AccuracyFN\renderer.cpp(528,50): warning C4244: 'argument': conversion from 'int' to 'float', possible loss of data
C:\Users\Pc\Desktop\AccuracyFNLeak\AccuracyFN\renderer.cpp(528,47): warning C4244: 'argument': conversion from 'int' to 'float', possible loss of data
C:\Users\Pc\Desktop\AccuracyFNLeak\AccuracyFN\renderer.cpp(529,101): warning C4244: 'argument': conversion from 'int' to 'float', possible loss of data
C:\Users\Pc\Desktop\AccuracyFNLeak\AccuracyFN\renderer.cpp(529,64): warning C4244: 'argument': conversion from 'int' to 'float', possible loss of data
C:\Users\Pc\Desktop\AccuracyFNLeak\AccuracyFN\renderer.cpp(529,61): warning C4244: 'argument': conversion from 'int' to 'float', possible loss of data
C:\Users\Pc\Desktop\AccuracyFNLeak\AccuracyFN\renderer.cpp(529,50): warning C4244: 'argument': conversion from 'int' to 'float', possible loss of data
C:\Users\Pc\Desktop\AccuracyFNLeak\AccuracyFN\renderer.cpp(529,47): warning C4244: 'argument': conversion from 'int' to 'float', possible loss of data
C:\Users\Pc\Desktop\AccuracyFNLeak\AccuracyFN\renderer.cpp(533,99): warning C4244: 'argument': conversion from 'int' to 'float', possible loss of data
C:\Users\Pc\Desktop\AccuracyFNLeak\AccuracyFN\renderer.cpp(533,67): warning C4244: 'argument': conversion from 'int' to 'float', possible loss of data
C:\Users\Pc\Desktop\AccuracyFNLeak\AccuracyFN\renderer.cpp(533,63): warning C4244: 'argument': conversion from 'int' to 'float', possible loss of data
C:\Users\Pc\Desktop\AccuracyFNLeak\AccuracyFN\renderer.cpp(533,51): warning C4244: 'argument': conversion from 'int' to 'float', possible loss of data
C:\Users\Pc\Desktop\AccuracyFNLeak\AccuracyFN\renderer.cpp(533,47): warning C4244: 'argument': conversion from 'int' to 'float', possible loss of data
C:\Users\Pc\Desktop\AccuracyFNLeak\AccuracyFN\renderer.cpp(536,15): warning C4244: 'initializing': conversion from 'int' to 'float', possible loss of data
C:\Users\Pc\Desktop\AccuracyFNLeak\AccuracyFN\renderer.cpp(537,15): warning C4244: 'initializing': conversion from 'int' to 'float', possible loss of data
C:\Users\Pc\Desktop\AccuracyFNLeak\AccuracyFN\renderer.cpp(540,159): warning C4305: 'argument': truncation from 'double' to 'float'
C:\Users\Pc\Desktop\AccuracyFNLeak\AccuracyFN\renderer.cpp(540,61): warning C4244: 'argument': conversion from 'int' to 'float', possible loss of data
C:\Users\Pc\Desktop\AccuracyFNLeak\AccuracyFN\renderer.cpp(540,50): warning C4244: 'argument': conversion from 'int' to 'float', possible loss of data
C:\Users\Pc\Desktop\AccuracyFNLeak\AccuracyFN\renderer.cpp(540,47): warning C4244: 'argument': conversion from 'int' to 'float', possible loss of data
C:\Users\Pc\Desktop\AccuracyFNLeak\AccuracyFN\renderer.cpp(541,159): warning C4305: 'argument': truncation from 'double' to 'float'
C:\Users\Pc\Desktop\AccuracyFNLeak\AccuracyFN\renderer.cpp(541,72): warning C4244: 'argument': conversion from 'int' to 'float', possible loss of data
C:\Users\Pc\Desktop\AccuracyFNLeak\AccuracyFN\renderer.cpp(541,50): warning C4244: 'argument': conversion from 'int' to 'float', possible loss of data
C:\Users\Pc\Desktop\AccuracyFNLeak\AccuracyFN\renderer.cpp(541,47): warning C4244: 'argument': conversion from 'int' to 'float', possible loss of data
C:\Users\Pc\Desktop\AccuracyFNLeak\AccuracyFN\renderer.cpp(542,167): warning C4305: 'argument': truncation from 'double' to 'float'
C:\Users\Pc\Desktop\AccuracyFNLeak\AccuracyFN\renderer.cpp(542,80): warning C4244: 'argument': conversion from 'int' to 'float', possible loss of data
C:\Users\Pc\Desktop\AccuracyFNLeak\AccuracyFN\renderer.cpp(542,75): warning C4244: 'argument': conversion from 'int' to 'float', possible loss of data
C:\Users\Pc\Desktop\AccuracyFNLeak\AccuracyFN\renderer.cpp(542,62): warning C4244: 'argument': conversion from 'int' to 'float', possible loss of data
C:\Users\Pc\Desktop\AccuracyFNLeak\AccuracyFN\renderer.cpp(543,167): warning C4305: 'argument': truncation from 'double' to 'float'
C:\Users\Pc\Desktop\AccuracyFNLeak\AccuracyFN\renderer.cpp(543,67): warning C4244: 'argument': conversion from 'int' to 'float', possible loss of data
C:\Users\Pc\Desktop\AccuracyFNLeak\AccuracyFN\renderer.cpp(543,54): warning C4244: 'argument': conversion from 'int' to 'float', possible loss of data
C:\Users\Pc\Desktop\AccuracyFNLeak\AccuracyFN\renderer.cpp(543,49): warning C4244: 'argument': conversion from 'int' to 'float', possible loss of data
C:\Users\Pc\Desktop\AccuracyFNLeak\AccuracyFN\renderer.cpp(544,167): warning C4305: 'argument': truncation from 'double' to 'float'
C:\Users\Pc\Desktop\AccuracyFNLeak\AccuracyFN\renderer.cpp(544,78): warning C4244: 'argument': conversion from 'int' to 'float', possible loss of data
C:\Users\Pc\Desktop\AccuracyFNLeak\AccuracyFN\renderer.cpp(544,73): warning C4244: 'argument': conversion from 'int' to 'float', possible loss of data
C:\Users\Pc\Desktop\AccuracyFNLeak\AccuracyFN\renderer.cpp(544,47): warning C4244: 'argument': conversion from 'int' to 'float', possible loss of data
C:\Users\Pc\Desktop\AccuracyFNLeak\AccuracyFN\renderer.cpp(545,167): warning C4305: 'argument': truncation from 'double' to 'float'
C:\Users\Pc\Desktop\AccuracyFNLeak\AccuracyFN\renderer.cpp(545,78): warning C4244: 'argument': conversion from 'int' to 'float', possible loss of data
C:\Users\Pc\Desktop\AccuracyFNLeak\AccuracyFN\renderer.cpp(545,52): warning C4244: 'argument': conversion from 'int' to 'float', possible loss of data
C:\Users\Pc\Desktop\AccuracyFNLeak\AccuracyFN\renderer.cpp(545,47): warning C4244: 'argument': conversion from 'int' to 'float', possible loss of data
C:\Users\Pc\Desktop\AccuracyFNLeak\AccuracyFN\renderer.cpp(546,175): warning C4305: 'argument': truncation from 'double' to 'float'
C:\Users\Pc\Desktop\AccuracyFNLeak\AccuracyFN\renderer.cpp(546,86): warning C4244: 'argument': conversion from 'int' to 'float', possible loss of data
C:\Users\Pc\Desktop\AccuracyFNLeak\AccuracyFN\renderer.cpp(546,79): warning C4244: 'argument': conversion from 'int' to 'float', possible loss of data
C:\Users\Pc\Desktop\AccuracyFNLeak\AccuracyFN\renderer.cpp(546,64): warning C4244: 'argument': conversion from 'int' to 'float', possible loss of data
C:\Users\Pc\Desktop\AccuracyFNLeak\AccuracyFN\renderer.cpp(547,175): warning C4305: 'argument': truncation from 'double' to 'float'
C:\Users\Pc\Desktop\AccuracyFNLeak\AccuracyFN\renderer.cpp(547,86): warning C4244: 'argument': conversion from 'int' to 'float', possible loss of data
C:\Users\Pc\Desktop\AccuracyFNLeak\AccuracyFN\renderer.cpp(547,79): warning C4244: 'argument': conversion from 'int' to 'float', possible loss of data
C:\Users\Pc\Desktop\AccuracyFNLeak\AccuracyFN\renderer.cpp(547,49): warning C4244: 'argument': conversion from 'int' to 'float', possible loss of data
C:\Users\Pc\Desktop\AccuracyFNLeak\AccuracyFN\renderer.cpp(550,103): warning C4244: 'argument': conversion from 'int' to 'float', possible loss of data
C:\Users\Pc\Desktop\AccuracyFNLeak\AccuracyFN\renderer.cpp(550,61): warning C4244: 'argument': conversion from 'int' to 'float', possible loss of data
C:\Users\Pc\Desktop\AccuracyFNLeak\AccuracyFN\renderer.cpp(550,50): warning C4244: 'argument': conversion from 'int' to 'float', possible loss of data
C:\Users\Pc\Desktop\AccuracyFNLeak\AccuracyFN\renderer.cpp(550,47): warning C4244: 'argument': conversion from 'int' to 'float', possible loss of data
C:\Users\Pc\Desktop\AccuracyFNLeak\AccuracyFN\renderer.cpp(551,103): warning C4244: 'argument': conversion from 'int' to 'float', possible loss of data
C:\Users\Pc\Desktop\AccuracyFNLeak\AccuracyFN\renderer.cpp(551,72): warning C4244: 'argument': conversion from 'int' to 'float', possible loss of data
C:\Users\Pc\Desktop\AccuracyFNLeak\AccuracyFN\renderer.cpp(551,50): warning C4244: 'argument': conversion from 'int' to 'float', possible loss of data
C:\Users\Pc\Desktop\AccuracyFNLeak\AccuracyFN\renderer.cpp(551,47): warning C4244: 'argument': conversion from 'int' to 'float', possible loss of data
C:\Users\Pc\Desktop\AccuracyFNLeak\AccuracyFN\renderer.cpp(552,111): warning C4244: 'argument': conversion from 'int' to 'float', possible loss of data
C:\Users\Pc\Desktop\AccuracyFNLeak\AccuracyFN\renderer.cpp(552,80): warning C4244: 'argument': conversion from 'int' to 'float', possible loss of data
C:\Users\Pc\Desktop\AccuracyFNLeak\AccuracyFN\renderer.cpp(552,75): warning C4244: 'argument': conversion from 'int' to 'float', possible loss of data
C:\Users\Pc\Desktop\AccuracyFNLeak\AccuracyFN\renderer.cpp(552,62): warning C4244: 'argument': conversion from 'int' to 'float', possible loss of data
C:\Users\Pc\Desktop\AccuracyFNLeak\AccuracyFN\renderer.cpp(553,111): warning C4244: 'argument': conversion from 'int' to 'float', possible loss of data
C:\Users\Pc\Desktop\AccuracyFNLeak\AccuracyFN\renderer.cpp(553,67): warning C4244: 'argument': conversion from 'int' to 'float', possible loss of data
C:\Users\Pc\Desktop\AccuracyFNLeak\AccuracyFN\renderer.cpp(553,54): warning C4244: 'argument': conversion from 'int' to 'float', possible loss of data
C:\Users\Pc\Desktop\AccuracyFNLeak\AccuracyFN\renderer.cpp(553,49): warning C4244: 'argument': conversion from 'int' to 'float', possible loss of data
C:\Users\Pc\Desktop\AccuracyFNLeak\AccuracyFN\renderer.cpp(554,111): warning C4244: 'argument': conversion from 'int' to 'float', possible loss of data
C:\Users\Pc\Desktop\AccuracyFNLeak\AccuracyFN\renderer.cpp(554,78): warning C4244: 'argument': conversion from 'int' to 'float', possible loss of data
C:\Users\Pc\Desktop\AccuracyFNLeak\AccuracyFN\renderer.cpp(554,73): warning C4244: 'argument': conversion from 'int' to 'float', possible loss of data
C:\Users\Pc\Desktop\AccuracyFNLeak\AccuracyFN\renderer.cpp(554,47): warning C4244: 'argument': conversion from 'int' to 'float', possible loss of data
C:\Users\Pc\Desktop\AccuracyFNLeak\AccuracyFN\renderer.cpp(555,111): warning C4244: 'argument': conversion from 'int' to 'float', possible loss of data
C:\Users\Pc\Desktop\AccuracyFNLeak\AccuracyFN\renderer.cpp(555,78): warning C4244: 'argument': conversion from 'int' to 'float', possible loss of data
C:\Users\Pc\Desktop\AccuracyFNLeak\AccuracyFN\renderer.cpp(555,52): warning C4244: 'argument': conversion from 'int' to 'float', possible loss of data
C:\Users\Pc\Desktop\AccuracyFNLeak\AccuracyFN\renderer.cpp(555,47): warning C4244: 'argument': conversion from 'int' to 'float', possible loss of data
C:\Users\Pc\Desktop\AccuracyFNLeak\AccuracyFN\renderer.cpp(556,119): warning C4244: 'argument': conversion from 'int' to 'float', possible loss of data
C:\Users\Pc\Desktop\AccuracyFNLeak\AccuracyFN\renderer.cpp(556,86): warning C4244: 'argument': conversion from 'int' to 'float', possible loss of data
C:\Users\Pc\Desktop\AccuracyFNLeak\AccuracyFN\renderer.cpp(556,79): warning C4244: 'argument': conversion from 'int' to 'float', possible loss of data
C:\Users\Pc\Desktop\AccuracyFNLeak\AccuracyFN\renderer.cpp(556,64): warning C4244: 'argument': conversion from 'int' to 'float', possible loss of data
C:\Users\Pc\Desktop\AccuracyFNLeak\AccuracyFN\renderer.cpp(557,119): warning C4244: 'argument': conversion from 'int' to 'float', possible loss of data
C:\Users\Pc\Desktop\AccuracyFNLeak\AccuracyFN\renderer.cpp(557,86): warning C4244: 'argument': conversion from 'int' to 'float', possible loss of data
C:\Users\Pc\Desktop\AccuracyFNLeak\AccuracyFN\renderer.cpp(557,79): warning C4244: 'argument': conversion from 'int' to 'float', possible loss of data
C:\Users\Pc\Desktop\AccuracyFNLeak\AccuracyFN\renderer.cpp(557,49): warning C4244: 'argument': conversion from 'int' to 'float', possible loss of data
C:\Users\Pc\Desktop\AccuracyFNLeak\AccuracyFN\renderer.cpp(629,114): warning C4244: 'argument': conversion from 'float' to 'int', possible loss of data
C:\Users\Pc\Desktop\AccuracyFNLeak\AccuracyFN\renderer.cpp(629,76): warning C4244: 'argument': conversion from 'float' to 'int', possible loss of data
C:\Users\Pc\Desktop\AccuracyFNLeak\AccuracyFN\renderer.cpp(629,61): warning C4244: 'argument': conversion from 'float' to 'int', possible loss of data
C:\Users\Pc\Desktop\AccuracyFNLeak\AccuracyFN\renderer.cpp(629,23): warning C4244: 'argument': conversion from 'float' to 'int', possible loss of data
C:\Users\Pc\Desktop\AccuracyFNLeak\AccuracyFN\renderer.cpp(630,92): warning C4244: 'argument': conversion from 'float' to 'int', possible loss of data
C:\Users\Pc\Desktop\AccuracyFNLeak\AccuracyFN\renderer.cpp(630,76): warning C4244: 'argument': conversion from 'float' to 'int', possible loss of data
C:\Users\Pc\Desktop\AccuracyFNLeak\AccuracyFN\renderer.cpp(630,39): warning C4244: 'argument': conversion from 'float' to 'int', possible loss of data
C:\Users\Pc\Desktop\AccuracyFNLeak\AccuracyFN\renderer.cpp(630,23): warning C4244: 'argument': conversion from 'float' to 'int', possible loss of data
C:\Users\Pc\Desktop\AccuracyFNLeak\AccuracyFN\renderer.cpp(636,90): warning C4244: 'argument': conversion from 'int' to 'float', possible loss of data
C:\Users\Pc\Desktop\AccuracyFNLeak\AccuracyFN\renderer.cpp(636,69): warning C4244: 'argument': conversion from 'int' to 'float', possible loss of data
C:\Users\Pc\Desktop\AccuracyFNLeak\AccuracyFN\renderer.cpp(1940,27): warning C4244: 'initializing': conversion from 'double' to 'float', possible loss of data
C:\Users\Pc\Desktop\AccuracyFNLeak\AccuracyFN\renderer.cpp(1946,23): warning C4244: 'initializing': conversion from 'double' to 'float', possible loss of data
C:\Users\Pc\Desktop\AccuracyFNLeak\AccuracyFN\renderer.cpp(1956,83): warning C4244: 'argument': conversion from 'double' to 'int', possible loss of data
C:\Users\Pc\Desktop\AccuracyFNLeak\AccuracyFN\renderer.cpp(1956,69): warning C4244: 'argument': conversion from 'float' to 'int', possible loss of data
C:\Users\Pc\Desktop\AccuracyFNLeak\AccuracyFN\renderer.cpp(1956,50): warning C4244: 'argument': conversion from 'float' to 'int', possible loss of data
C:\Users\Pc\Desktop\AccuracyFNLeak\AccuracyFN\renderer.cpp(1956,33): warning C4244: 'argument': conversion from 'float' to 'int', possible loss of data
C:\Users\Pc\Desktop\AccuracyFNLeak\AccuracyFN\renderer.cpp(1956,26): warning C4244: 'argument': conversion from 'float' to 'int', possible loss of data
C:\Users\Pc\Desktop\AccuracyFNLeak\AccuracyFN\renderer.cpp(1961,105): warning C4244: 'argument': conversion from 'double' to 'int', possible loss of data
C:\Users\Pc\Desktop\AccuracyFNLeak\AccuracyFN\renderer.cpp(1961,81): warning C4244: 'argument': conversion from 'float' to 'int', possible loss of data
C:\Users\Pc\Desktop\AccuracyFNLeak\AccuracyFN\renderer.cpp(1961,68): warning C4244: 'argument': conversion from 'float' to 'int', possible loss of data
C:\Users\Pc\Desktop\AccuracyFNLeak\AccuracyFN\renderer.cpp(1961,64): warning C4244: 'argument': conversion from 'float' to 'int', possible loss of data
C:\Users\Pc\Desktop\AccuracyFNLeak\AccuracyFN\renderer.cpp(1961,36): warning C4244: 'argument': conversion from 'float' to 'int', possible loss of data
C:\Users\Pc\Desktop\AccuracyFNLeak\AccuracyFN\renderer.cpp(1966,83): warning C4244: 'argument': conversion from 'double' to 'int', possible loss of data
C:\Users\Pc\Desktop\AccuracyFNLeak\AccuracyFN\renderer.cpp(1966,69): warning C4244: 'argument': conversion from 'float' to 'int', possible loss of data
C:\Users\Pc\Desktop\AccuracyFNLeak\AccuracyFN\renderer.cpp(1966,50): warning C4244: 'argument': conversion from 'float' to 'int', possible loss of data
C:\Users\Pc\Desktop\AccuracyFNLeak\AccuracyFN\renderer.cpp(1966,33): warning C4244: 'argument': conversion from 'float' to 'int', possible loss of data
C:\Users\Pc\Desktop\AccuracyFNLeak\AccuracyFN\renderer.cpp(1966,26): warning C4244: 'argument': conversion from 'float' to 'int', possible loss of data
C:\Users\Pc\Desktop\AccuracyFNLeak\AccuracyFN\renderer.cpp(1971,105): warning C4244: 'argument': conversion from 'double' to 'int', possible loss of data
C:\Users\Pc\Desktop\AccuracyFNLeak\AccuracyFN\renderer.cpp(1971,81): warning C4244: 'argument': conversion from 'float' to 'int', possible loss of data
C:\Users\Pc\Desktop\AccuracyFNLeak\AccuracyFN\renderer.cpp(1971,68): warning C4244: 'argument': conversion from 'float' to 'int', possible loss of data
C:\Users\Pc\Desktop\AccuracyFNLeak\AccuracyFN\renderer.cpp(1971,64): warning C4244: 'argument': conversion from 'float' to 'int', possible loss of data
C:\Users\Pc\Desktop\AccuracyFNLeak\AccuracyFN\renderer.cpp(1971,36): warning C4244: 'argument': conversion from 'float' to 'int', possible loss of data
  settings.cpp
C:\Users\Pc\Desktop\AccuracyFNLeak\AccuracyFN\settings.cpp(36,33): warning C4244: '=': conversion from 'double' to 'int', possible loss of data
C:\Users\Pc\Desktop\AccuracyFNLeak\AccuracyFN\settings.cpp(37,29): warning C4244: '=': conversion from 'double' to 'int', possible loss of data
C:\Users\Pc\Desktop\AccuracyFNLeak\AccuracyFN\settings.cpp(42,30): warning C4305: '=': truncation from 'float' to 'bool'
  util.cpp
     Creating library .\x64\release\AccuracyFNSRCLEAK.lib and object .\x64\release\AccuracyFNSRCLEAK.exp
LINK : warning LNK4098: defaultlib 'LIBCMTD' conflicts with use of other libs; use /NODEFAULTLIB:library
  Generating code
  Previous IPDB not found, fall back to full compilation.
C:\Users\Pc\Desktop\AccuracyFNLeak\AccuracyFN\renderer.cpp(1950): warning C4700: uninitialized local variable 'X' used
  All 3315 functions were compiled because no usable IPDB/IOBJ from previous compilation was found.
  Finished generating code
  Fortnite.vcxproj -> C:\Users\Pc\Desktop\AccuracyFNLeak\AccuracyFN\x64\release\AccuracyFNSRCLEAK.dll
